2021-11-11 01:50:25,488 [Worker-1: Loading available Gradle versions] INFO  o.e.b.c.i.u.g.PublishedGradleVersions - Gradle version information cache is out-of-date. Trying to update.
2021-11-11 02:00:27,829 [Worker-14: Creating maven-archetype-quickstart] INFO  o.e.m.c.i.p.ProjectConfigurationManager - Collecting project info '/pom.xml' D:\work space\NTSPBMS615-BOOT\IOCProj-100pcode-DependencyManagement\pom.xml
2021-11-11 02:00:44,402 [Worker-14: Creating maven-archetype-quickstart] INFO  o.e.m.c.i.l.LifecycleMappingFactory - Using org.eclipse.m2e.jdt.JarLifecycleMapping lifecycle mapping for MavenProject: nit:IOCProj-100pcode-DependencyManagement:0.0.1-SNAPSHOT @ D:\work space\NTSPBMS615-BOOT\IOCProj-100pcode-DependencyManagement\pom.xml.
2021-11-11 02:00:49,994 [Worker-14: Creating maven-archetype-quickstart] INFO  o.e.m.j.i.AbstractJavaProjectConfigurator - Adding source folder /IOCProj-100pcode-DependencyManagement/src/main/java
2021-11-11 02:00:50,014 [Worker-14: Creating maven-archetype-quickstart] INFO  o.e.m.j.i.AbstractJavaProjectConfigurator - Adding source folder /IOCProj-100pcode-DependencyManagement/src/test/java
2021-11-11 02:01:00,358 [Worker-14: Creating maven-archetype-quickstart] INFO  o.e.m.c.i.p.ProjectConfigurationManager - Imported and configured 1 project(s) in 32 sec
2021-11-11 02:01:10,565 [Worker-18: Building] INFO  o.e.m.c.i.embedder.EclipseLogger - Using 'UTF-8' encoding to copy filtered resources.
2021-11-11 02:01:10,566 [Worker-18: Building] INFO  o.e.m.c.i.embedder.EclipseLogger - skip non existing resourceDirectory D:\work space\NTSPBMS615-BOOT\IOCProj-100pcode-DependencyManagement\src\main\resources
2021-11-11 02:01:10,570 [Worker-18: Building] INFO  o.e.m.c.i.embedder.EclipseLogger - Using 'UTF-8' encoding to copy filtered resources.
2021-11-11 02:01:10,570 [Worker-18: Building] INFO  o.e.m.c.i.embedder.EclipseLogger - skip non existing resourceDirectory D:\work space\NTSPBMS615-BOOT\IOCProj-100pcode-DependencyManagement\src\test\resources
2021-11-11 02:04:53,249 [Worker-18: Building] INFO  o.e.m.c.i.l.LifecycleMappingFactory - Using org.eclipse.m2e.jdt.JarLifecycleMapping lifecycle mapping for MavenProject: nit:IOCProj-100pcode-DependencyManagement:0.0.1-SNAPSHOT @ D:\work space\NTSPBMS615-BOOT\IOCProj-100pcode-DependencyManagement\pom.xml.
2021-11-11 02:04:54,033 [Worker-18: Building] INFO  o.e.m.c.i.embedder.EclipseLogger - Using 'UTF-8' encoding to copy filtered resources.
2021-11-11 02:04:54,033 [Worker-18: Building] INFO  o.e.m.c.i.embedder.EclipseLogger - skip non existing resourceDirectory D:\work space\NTSPBMS615-BOOT\IOCProj-100pcode-DependencyManagement\src\main\resources
2021-11-11 02:04:54,037 [Worker-18: Building] INFO  o.e.m.c.i.embedder.EclipseLogger - Using 'UTF-8' encoding to copy filtered resources.
2021-11-11 02:04:54,038 [Worker-18: Building] INFO  o.e.m.c.i.embedder.EclipseLogger - skip non existing resourceDirectory D:\work space\NTSPBMS615-BOOT\IOCProj-100pcode-DependencyManagement\src\test\resources
2021-11-11 02:05:20,996 [Worker-20: Updating Maven Project] INFO  o.e.m.c.i.p.ProjectConfigurationManager - Update started
2021-11-11 02:05:22,303 [Worker-20: Updating Maven Project] INFO  o.e.m.c.i.l.LifecycleMappingFactory - Using org.eclipse.m2e.jdt.JarLifecycleMapping lifecycle mapping for MavenProject: nit:IOCProj-100pcode-DependencyManagement:0.0.1-SNAPSHOT @ D:\work space\NTSPBMS615-BOOT\IOCProj-100pcode-DependencyManagement\pom.xml.
2021-11-11 02:05:22,727 [Worker-20: Updating Maven Project] INFO  o.e.m.j.i.AbstractJavaProjectConfigurator - Adding source folder /IOCProj-100pcode-DependencyManagement/src/main/java
2021-11-11 02:05:22,729 [Worker-20: Updating Maven Project] INFO  o.e.m.j.i.AbstractJavaProjectConfigurator - Adding source folder /IOCProj-100pcode-DependencyManagement/src/test/java
2021-11-11 02:05:23,280 [Worker-20: Updating Maven Project] INFO  o.e.m.c.i.p.ProjectConfigurationManager - Update completed: 2 sec
2021-11-11 02:05:25,241 [Worker-21: Building] INFO  o.e.m.c.i.embedder.EclipseLogger - Using 'UTF-8' encoding to copy filtered resources.
2021-11-11 02:05:25,242 [Worker-21: Building] INFO  o.e.m.c.i.embedder.EclipseLogger - skip non existing resourceDirectory D:\work space\NTSPBMS615-BOOT\IOCProj-100pcode-DependencyManagement\src\main\resources
2021-11-11 02:05:25,246 [Worker-21: Building] INFO  o.e.m.c.i.embedder.EclipseLogger - Using 'UTF-8' encoding to copy filtered resources.
2021-11-11 02:05:25,247 [Worker-21: Building] INFO  o.e.m.c.i.embedder.EclipseLogger - skip non existing resourceDirectory D:\work space\NTSPBMS615-BOOT\IOCProj-100pcode-DependencyManagement\src\test\resources
2021-11-11 02:14:18,223 [Worker-25: Building] INFO  o.e.m.c.i.l.LifecycleMappingFactory - Using org.eclipse.m2e.jdt.JarLifecycleMapping lifecycle mapping for MavenProject: nit:IOCProj-100pcode-DependencyManagement:0.0.1-SNAPSHOT @ D:\work space\NTSPBMS615-BOOT\IOCProj-100pcode-DependencyManagement\pom.xml.
2021-11-11 02:14:20,783 [Worker-25: Building] INFO  o.e.m.c.i.e.AbstractTransferListenerAdapter - Downloading https://repo.maven.apache.org/maven2/org/springframework/spring-context-support/5.3.12/spring-context-support-5.3.12.pom
2021-11-11 02:14:21,366 [Worker-25: Building] INFO  o.e.m.c.i.e.AbstractTransferListenerAdapter - Downloaded https://repo.maven.apache.org/maven2/org/springframework/spring-context-support/5.3.12/spring-context-support-5.3.12.pom
2021-11-11 02:14:21,817 [Worker-25: Building] INFO  o.e.m.c.i.e.AbstractTransferListenerAdapter - Downloading https://repo.maven.apache.org/maven2/org/springframework/spring-beans/5.3.12/spring-beans-5.3.12.pom
2021-11-11 02:14:22,230 [Worker-25: Building] INFO  o.e.m.c.i.e.AbstractTransferListenerAdapter - Downloaded https://repo.maven.apache.org/maven2/org/springframework/spring-beans/5.3.12/spring-beans-5.3.12.pom
2021-11-11 02:14:22,628 [Worker-25: Building] INFO  o.e.m.c.i.e.AbstractTransferListenerAdapter - Downloading https://repo.maven.apache.org/maven2/org/springframework/spring-core/5.3.12/spring-core-5.3.12.pom
2021-11-11 02:14:23,024 [Worker-25: Building] INFO  o.e.m.c.i.e.AbstractTransferListenerAdapter - Downloaded https://repo.maven.apache.org/maven2/org/springframework/spring-core/5.3.12/spring-core-5.3.12.pom
2021-11-11 02:14:23,382 [Worker-25: Building] INFO  o.e.m.c.i.e.AbstractTransferListenerAdapter - Downloading https://repo.maven.apache.org/maven2/org/springframework/spring-jcl/5.3.12/spring-jcl-5.3.12.pom
2021-11-11 02:14:23,784 [Worker-25: Building] INFO  o.e.m.c.i.e.AbstractTransferListenerAdapter - Downloaded https://repo.maven.apache.org/maven2/org/springframework/spring-jcl/5.3.12/spring-jcl-5.3.12.pom
2021-11-11 02:14:24,115 [Worker-25: Building] INFO  o.e.m.c.i.e.AbstractTransferListenerAdapter - Downloading https://repo.maven.apache.org/maven2/org/springframework/spring-context/5.3.12/spring-context-5.3.12.pom
2021-11-11 02:14:24,544 [Worker-25: Building] INFO  o.e.m.c.i.e.AbstractTransferListenerAdapter - Downloaded https://repo.maven.apache.org/maven2/org/springframework/spring-context/5.3.12/spring-context-5.3.12.pom
2021-11-11 02:14:24,872 [Worker-25: Building] INFO  o.e.m.c.i.e.AbstractTransferListenerAdapter - Downloading https://repo.maven.apache.org/maven2/org/springframework/spring-aop/5.3.12/spring-aop-5.3.12.pom
2021-11-11 02:14:25,227 [Worker-25: Building] INFO  o.e.m.c.i.e.AbstractTransferListenerAdapter - Downloaded https://repo.maven.apache.org/maven2/org/springframework/spring-aop/5.3.12/spring-aop-5.3.12.pom
2021-11-11 02:14:25,526 [Worker-25: Building] INFO  o.e.m.c.i.e.AbstractTransferListenerAdapter - Downloading https://repo.maven.apache.org/maven2/org/springframework/spring-expression/5.3.12/spring-expression-5.3.12.pom
2021-11-11 02:14:25,953 [Worker-25: Building] INFO  o.e.m.c.i.e.AbstractTransferListenerAdapter - Downloaded https://repo.maven.apache.org/maven2/org/springframework/spring-expression/5.3.12/spring-expression-5.3.12.pom
2021-11-11 02:14:26,367 [AetherRepositoryConnector-repo.maven.apache.org-0-0] INFO  o.e.m.c.i.e.AbstractTransferListenerAdapter - Downloading https://repo.maven.apache.org/maven2/org/springframework/spring-context-support/5.3.12/spring-context-support-5.3.12.jar
2021-11-11 02:14:26,639 [AetherRepositoryConnector-repo.maven.apache.org-0-4] INFO  o.e.m.c.i.e.AbstractTransferListenerAdapter - Downloading https://repo.maven.apache.org/maven2/org/springframework/spring-expression/5.3.12/spring-expression-5.3.12.jar
2021-11-11 02:14:26,639 [AetherRepositoryConnector-repo.maven.apache.org-0-1] INFO  o.e.m.c.i.e.AbstractTransferListenerAdapter - Downloading https://repo.maven.apache.org/maven2/org/springframework/spring-beans/5.3.12/spring-beans-5.3.12.jar
2021-11-11 02:14:26,639 [AetherRepositoryConnector-repo.maven.apache.org-0-3] INFO  o.e.m.c.i.e.AbstractTransferListenerAdapter - Downloading https://repo.maven.apache.org/maven2/org/springframework/spring-aop/5.3.12/spring-aop-5.3.12.jar
2021-11-11 02:14:26,641 [AetherRepositoryConnector-repo.maven.apache.org-0-2] INFO  o.e.m.c.i.e.AbstractTransferListenerAdapter - Downloading https://repo.maven.apache.org/maven2/org/springframework/spring-context/5.3.12/spring-context-5.3.12.jar
2021-11-11 02:14:28,632 [AetherRepositoryConnector-repo.maven.apache.org-0-3] INFO  o.e.m.c.i.e.AbstractTransferListenerAdapter - Downloaded https://repo.maven.apache.org/maven2/org/springframework/spring-aop/5.3.12/spring-aop-5.3.12.jar
2021-11-11 02:14:28,654 [AetherRepositoryConnector-repo.maven.apache.org-0-0] INFO  o.e.m.c.i.e.AbstractTransferListenerAdapter - Downloaded https://repo.maven.apache.org/maven2/org/springframework/spring-context-support/5.3.12/spring-context-support-5.3.12.jar
2021-11-11 02:14:28,764 [AetherRepositoryConnector-repo.maven.apache.org-0-4] INFO  o.e.m.c.i.e.AbstractTransferListenerAdapter - Downloaded https://repo.maven.apache.org/maven2/org/springframework/spring-expression/5.3.12/spring-expression-5.3.12.jar
2021-11-11 02:14:28,824 [AetherRepositoryConnector-repo.maven.apache.org-0-1] INFO  o.e.m.c.i.e.AbstractTransferListenerAdapter - Downloaded https://repo.maven.apache.org/maven2/org/springframework/spring-beans/5.3.12/spring-beans-5.3.12.jar
2021-11-11 02:14:29,057 [AetherRepositoryConnector-repo.maven.apache.org-0-0] INFO  o.e.m.c.i.e.AbstractTransferListenerAdapter - Downloading https://repo.maven.apache.org/maven2/org/springframework/spring-jcl/5.3.12/spring-jcl-5.3.12.jar
2021-11-11 02:14:29,072 [AetherRepositoryConnector-repo.maven.apache.org-0-3] INFO  o.e.m.c.i.e.AbstractTransferListenerAdapter - Downloading https://repo.maven.apache.org/maven2/org/springframework/spring-core/5.3.12/spring-core-5.3.12.jar
2021-11-11 02:14:29,080 [AetherRepositoryConnector-repo.maven.apache.org-0-2] INFO  o.e.m.c.i.e.AbstractTransferListenerAdapter - Downloaded https://repo.maven.apache.org/maven2/org/springframework/spring-context/5.3.12/spring-context-5.3.12.jar
2021-11-11 02:14:30,064 [AetherRepositoryConnector-repo.maven.apache.org-0-3] INFO  o.e.m.c.i.e.AbstractTransferListenerAdapter - Downloaded https://repo.maven.apache.org/maven2/org/springframework/spring-core/5.3.12/spring-core-5.3.12.jar
2021-11-11 02:14:31,017 [AetherRepositoryConnector-repo.maven.apache.org-0-0] INFO  o.e.m.c.i.e.AbstractTransferListenerAdapter - Downloaded https://repo.maven.apache.org/maven2/org/springframework/spring-jcl/5.3.12/spring-jcl-5.3.12.jar
2021-11-11 02:14:32,627 [Worker-25: Building] INFO  o.e.m.c.i.embedder.EclipseLogger - Using 'UTF-8' encoding to copy filtered resources.
2021-11-11 02:14:32,628 [Worker-25: Building] INFO  o.e.m.c.i.embedder.EclipseLogger - skip non existing resourceDirectory D:\work space\NTSPBMS615-BOOT\IOCProj-100pcode-DependencyManagement\src\main\resources
2021-11-11 02:14:32,640 [Worker-25: Building] INFO  o.e.m.c.i.embedder.EclipseLogger - Using 'UTF-8' encoding to copy filtered resources.
2021-11-11 02:14:32,640 [Worker-25: Building] INFO  o.e.m.c.i.embedder.EclipseLogger - skip non existing resourceDirectory D:\work space\NTSPBMS615-BOOT\IOCProj-100pcode-DependencyManagement\src\test\resources
2021-11-11 02:14:34,440 [Worker-24: Download sources and javadoc] INFO  o.e.m.c.i.e.AbstractTransferListenerAdapter - Downloading https://repo.maven.apache.org/maven2/org/springframework/spring-context-support/5.3.12/spring-context-support-5.3.12-sources.jar
2021-11-11 02:14:35,932 [Worker-24: Download sources and javadoc] INFO  o.e.m.c.i.e.AbstractTransferListenerAdapter - Downloaded https://repo.maven.apache.org/maven2/org/springframework/spring-context-support/5.3.12/spring-context-support-5.3.12-sources.jar
2021-11-11 02:14:35,945 [Worker-24: Download sources and javadoc] INFO  o.e.m.j.internal.DownloadSourcesJob - Downloaded sources for org.springframework:spring-context-support:5.3.12
2021-11-11 02:14:36,250 [Worker-20: Building] INFO  o.e.m.c.i.embedder.EclipseLogger - Using 'UTF-8' encoding to copy filtered resources.
2021-11-11 02:14:36,253 [Worker-20: Building] INFO  o.e.m.c.i.embedder.EclipseLogger - skip non existing resourceDirectory D:\work space\NTSPBMS615-BOOT\IOCProj-100pcode-DependencyManagement\src\main\resources
2021-11-11 02:14:36,256 [Worker-20: Building] INFO  o.e.m.c.i.embedder.EclipseLogger - Using 'UTF-8' encoding to copy filtered resources.
2021-11-11 02:14:36,256 [Worker-20: Building] INFO  o.e.m.c.i.embedder.EclipseLogger - skip non existing resourceDirectory D:\work space\NTSPBMS615-BOOT\IOCProj-100pcode-DependencyManagement\src\test\resources
2021-11-11 02:14:37,127 [Worker-24: Download sources and javadoc] INFO  o.e.m.c.i.e.AbstractTransferListenerAdapter - Downloading https://repo.maven.apache.org/maven2/org/springframework/spring-beans/5.3.12/spring-beans-5.3.12-sources.jar
2021-11-11 02:14:38,913 [Worker-24: Download sources and javadoc] INFO  o.e.m.c.i.e.AbstractTransferListenerAdapter - Downloaded https://repo.maven.apache.org/maven2/org/springframework/spring-beans/5.3.12/spring-beans-5.3.12-sources.jar
2021-11-11 02:14:39,004 [Worker-24: Download sources and javadoc] INFO  o.e.m.j.internal.DownloadSourcesJob - Downloaded sources for org.springframework:spring-beans:5.3.12
2021-11-11 02:14:40,044 [Worker-24: Download sources and javadoc] INFO  o.e.m.c.i.e.AbstractTransferListenerAdapter - Downloading https://repo.maven.apache.org/maven2/org/springframework/spring-context/5.3.12/spring-context-5.3.12-sources.jar
2021-11-11 02:14:41,937 [Worker-24: Download sources and javadoc] INFO  o.e.m.c.i.e.AbstractTransferListenerAdapter - Downloaded https://repo.maven.apache.org/maven2/org/springframework/spring-context/5.3.12/spring-context-5.3.12-sources.jar
2021-11-11 02:14:42,200 [Worker-24: Download sources and javadoc] INFO  o.e.m.j.internal.DownloadSourcesJob - Downloaded sources for org.springframework:spring-context:5.3.12
2021-11-11 02:14:43,250 [Worker-24: Download sources and javadoc] INFO  o.e.m.c.i.e.AbstractTransferListenerAdapter - Downloading https://repo.maven.apache.org/maven2/org/springframework/spring-aop/5.3.12/spring-aop-5.3.12-sources.jar
2021-11-11 02:14:44,703 [Worker-24: Download sources and javadoc] INFO  o.e.m.c.i.e.AbstractTransferListenerAdapter - Downloaded https://repo.maven.apache.org/maven2/org/springframework/spring-aop/5.3.12/spring-aop-5.3.12-sources.jar
2021-11-11 02:14:44,735 [Worker-24: Download sources and javadoc] INFO  o.e.m.j.internal.DownloadSourcesJob - Downloaded sources for org.springframework:spring-aop:5.3.12
2021-11-11 02:14:45,794 [Worker-24: Download sources and javadoc] INFO  o.e.m.c.i.e.AbstractTransferListenerAdapter - Downloading https://repo.maven.apache.org/maven2/org/springframework/spring-expression/5.3.12/spring-expression-5.3.12-sources.jar
2021-11-11 02:14:48,217 [Worker-24: Download sources and javadoc] INFO  o.e.m.c.i.e.AbstractTransferListenerAdapter - Downloaded https://repo.maven.apache.org/maven2/org/springframework/spring-expression/5.3.12/spring-expression-5.3.12-sources.jar
2021-11-11 02:14:49,492 [Worker-24: Download sources and javadoc] INFO  o.e.m.j.internal.DownloadSourcesJob - Downloaded sources for org.springframework:spring-expression:5.3.12
2021-11-11 02:14:50,586 [Worker-24: Download sources and javadoc] INFO  o.e.m.c.i.e.AbstractTransferListenerAdapter - Downloading https://repo.maven.apache.org/maven2/org/springframework/spring-core/5.3.12/spring-core-5.3.12-sources.jar
2021-11-11 02:14:52,407 [Worker-24: Download sources and javadoc] INFO  o.e.m.c.i.e.AbstractTransferListenerAdapter - Downloaded https://repo.maven.apache.org/maven2/org/springframework/spring-core/5.3.12/spring-core-5.3.12-sources.jar
2021-11-11 02:14:52,446 [Worker-24: Download sources and javadoc] INFO  o.e.m.j.internal.DownloadSourcesJob - Downloaded sources for org.springframework:spring-core:5.3.12
2021-11-11 02:14:53,512 [Worker-24: Download sources and javadoc] INFO  o.e.m.c.i.e.AbstractTransferListenerAdapter - Downloading https://repo.maven.apache.org/maven2/org/springframework/spring-jcl/5.3.12/spring-jcl-5.3.12-sources.jar
2021-11-11 02:14:56,988 [Worker-24: Download sources and javadoc] INFO  o.e.m.c.i.e.AbstractTransferListenerAdapter - Downloaded https://repo.maven.apache.org/maven2/org/springframework/spring-jcl/5.3.12/spring-jcl-5.3.12-sources.jar
2021-11-11 02:14:57,006 [Worker-24: Download sources and javadoc] INFO  o.e.m.j.internal.DownloadSourcesJob - Downloaded sources for org.springframework:spring-jcl:5.3.12
2021-11-11 02:14:57,394 [Worker-25: Building] INFO  o.e.m.c.i.embedder.EclipseLogger - Using 'UTF-8' encoding to copy filtered resources.
2021-11-11 02:14:57,395 [Worker-25: Building] INFO  o.e.m.c.i.embedder.EclipseLogger - skip non existing resourceDirectory D:\work space\NTSPBMS615-BOOT\IOCProj-100pcode-DependencyManagement\src\main\resources
2021-11-11 02:14:57,398 [Worker-25: Building] INFO  o.e.m.c.i.embedder.EclipseLogger - Using 'UTF-8' encoding to copy filtered resources.
2021-11-11 02:14:57,398 [Worker-25: Building] INFO  o.e.m.c.i.embedder.EclipseLogger - skip non existing resourceDirectory D:\work space\NTSPBMS615-BOOT\IOCProj-100pcode-DependencyManagement\src\test\resources
2021-11-11 02:16:10,832 [Worker-27: Building] INFO  o.e.m.c.i.embedder.EclipseLogger - Using 'UTF-8' encoding to copy filtered resources.
2021-11-11 02:16:10,833 [Worker-27: Building] INFO  o.e.m.c.i.embedder.EclipseLogger - skip non existing resourceDirectory D:\work space\NTSPBMS615-BOOT\IOCProj-100pcode-DependencyManagement\src\main\resources
2021-11-11 02:16:10,838 [Worker-27: Building] INFO  o.e.m.c.i.embedder.EclipseLogger - Using 'UTF-8' encoding to copy filtered resources.
2021-11-11 02:16:10,839 [Worker-27: Building] INFO  o.e.m.c.i.embedder.EclipseLogger - skip non existing resourceDirectory D:\work space\NTSPBMS615-BOOT\IOCProj-100pcode-DependencyManagement\src\test\resources
2021-11-11 02:18:08,706 [Worker-25: Building] INFO  o.e.m.c.i.embedder.EclipseLogger - Using 'UTF-8' encoding to copy filtered resources.
2021-11-11 02:18:08,706 [Worker-25: Building] INFO  o.e.m.c.i.embedder.EclipseLogger - skip non existing resourceDirectory D:\work space\NTSPBMS615-BOOT\IOCProj-100pcode-DependencyManagement\src\main\resources
2021-11-11 02:18:08,711 [Worker-25: Building] INFO  o.e.m.c.i.embedder.EclipseLogger - Using 'UTF-8' encoding to copy filtered resources.
2021-11-11 02:18:08,711 [Worker-25: Building] INFO  o.e.m.c.i.embedder.EclipseLogger - skip non existing resourceDirectory D:\work space\NTSPBMS615-BOOT\IOCProj-100pcode-DependencyManagement\src\test\resources
2021-11-11 02:18:35,947 [Worker-28: Building] INFO  o.e.m.c.i.embedder.EclipseLogger - Using 'UTF-8' encoding to copy filtered resources.
2021-11-11 02:18:35,948 [Worker-28: Building] INFO  o.e.m.c.i.embedder.EclipseLogger - skip non existing resourceDirectory D:\work space\NTSPBMS615-BOOT\IOCProj-100pcode-DependencyManagement\src\main\resources
2021-11-11 02:18:35,952 [Worker-28: Building] INFO  o.e.m.c.i.embedder.EclipseLogger - Using 'UTF-8' encoding to copy filtered resources.
2021-11-11 02:18:35,953 [Worker-28: Building] INFO  o.e.m.c.i.embedder.EclipseLogger - skip non existing resourceDirectory D:\work space\NTSPBMS615-BOOT\IOCProj-100pcode-DependencyManagement\src\test\resources
2021-11-11 02:20:07,387 [Worker-25: Building] INFO  o.e.m.c.i.embedder.EclipseLogger - Using 'UTF-8' encoding to copy filtered resources.
2021-11-11 02:20:07,389 [Worker-25: Building] INFO  o.e.m.c.i.embedder.EclipseLogger - skip non existing resourceDirectory D:\work space\NTSPBMS615-BOOT\IOCProj-100pcode-DependencyManagement\src\main\resources
2021-11-11 02:20:07,392 [Worker-25: Building] INFO  o.e.m.c.i.embedder.EclipseLogger - Using 'UTF-8' encoding to copy filtered resources.
2021-11-11 02:20:07,393 [Worker-25: Building] INFO  o.e.m.c.i.embedder.EclipseLogger - skip non existing resourceDirectory D:\work space\NTSPBMS615-BOOT\IOCProj-100pcode-DependencyManagement\src\test\resources
2021-11-11 02:20:13,315 [Worker-27: Building] INFO  o.e.m.c.i.embedder.EclipseLogger - Using 'UTF-8' encoding to copy filtered resources.
2021-11-11 02:20:13,316 [Worker-27: Building] INFO  o.e.m.c.i.embedder.EclipseLogger - skip non existing resourceDirectory D:\work space\NTSPBMS615-BOOT\IOCProj-100pcode-DependencyManagement\src\main\resources
2021-11-11 02:20:13,325 [Worker-27: Building] INFO  o.e.m.c.i.embedder.EclipseLogger - Using 'UTF-8' encoding to copy filtered resources.
2021-11-11 02:20:13,326 [Worker-27: Building] INFO  o.e.m.c.i.embedder.EclipseLogger - skip non existing resourceDirectory D:\work space\NTSPBMS615-BOOT\IOCProj-100pcode-DependencyManagement\src\test\resources
2021-11-11 02:37:12,242 [Worker-32: Building] INFO  o.e.m.c.i.embedder.EclipseLogger - Using 'UTF-8' encoding to copy filtered resources.
2021-11-11 02:37:12,243 [Worker-32: Building] INFO  o.e.m.c.i.embedder.EclipseLogger - skip non existing resourceDirectory D:\work space\NTSPBMS615-BOOT\IOCProj-100pcode-DependencyManagement\src\main\resources
2021-11-11 02:37:12,245 [Worker-32: Building] INFO  o.e.m.c.i.embedder.EclipseLogger - Using 'UTF-8' encoding to copy filtered resources.
2021-11-11 02:37:12,246 [Worker-32: Building] INFO  o.e.m.c.i.embedder.EclipseLogger - skip non existing resourceDirectory D:\work space\NTSPBMS615-BOOT\IOCProj-100pcode-DependencyManagement\src\test\resources
2021-11-11 02:44:51,285 [Worker-32: Building] INFO  o.e.m.c.i.embedder.EclipseLogger - Using 'UTF-8' encoding to copy filtered resources.
2021-11-11 02:44:51,286 [Worker-32: Building] INFO  o.e.m.c.i.embedder.EclipseLogger - skip non existing resourceDirectory D:\work space\NTSPBMS615-BOOT\IOCProj-100pcode-DependencyManagement\src\main\resources
2021-11-11 02:44:51,295 [Worker-32: Building] INFO  o.e.m.c.i.embedder.EclipseLogger - Using 'UTF-8' encoding to copy filtered resources.
2021-11-11 02:44:51,295 [Worker-32: Building] INFO  o.e.m.c.i.embedder.EclipseLogger - skip non existing resourceDirectory D:\work space\NTSPBMS615-BOOT\IOCProj-100pcode-DependencyManagement\src\test\resources
2021-11-12 00:51:22,474 [Worker-11: Loading available Gradle versions] INFO  o.e.b.c.i.u.g.PublishedGradleVersions - Gradle version information cache is up-to-date. Trying to read.
2021-11-12 00:53:36,148 [Worker-5: Building] INFO  o.e.m.c.i.embedder.EclipseLogger - Using 'UTF-8' encoding to copy filtered resources.
2021-11-12 00:53:36,149 [Worker-5: Building] INFO  o.e.m.c.i.embedder.EclipseLogger - skip non existing resourceDirectory D:\work space\NTSPBMS615-BOOT\IOCProj-100pcode-DependencyManagement\src\main\resources
2021-11-12 00:53:36,152 [Worker-5: Building] INFO  o.e.m.c.i.embedder.EclipseLogger - Using 'UTF-8' encoding to copy filtered resources.
2021-11-12 00:53:36,153 [Worker-5: Building] INFO  o.e.m.c.i.embedder.EclipseLogger - skip non existing resourceDirectory D:\work space\NTSPBMS615-BOOT\IOCProj-100pcode-DependencyManagement\src\test\resources
2021-11-12 00:56:23,463 [Worker-5: Building] INFO  o.e.m.c.i.embedder.EclipseLogger - Using 'UTF-8' encoding to copy filtered resources.
2021-11-12 00:56:23,464 [Worker-5: Building] INFO  o.e.m.c.i.embedder.EclipseLogger - skip non existing resourceDirectory D:\work space\NTSPBMS615-BOOT\IOCProj-100pcode-DependencyManagement\src\main\resources
2021-11-12 00:56:23,466 [Worker-5: Building] INFO  o.e.m.c.i.embedder.EclipseLogger - Using 'UTF-8' encoding to copy filtered resources.
2021-11-12 00:56:23,467 [Worker-5: Building] INFO  o.e.m.c.i.embedder.EclipseLogger - skip non existing resourceDirectory D:\work space\NTSPBMS615-BOOT\IOCProj-100pcode-DependencyManagement\src\test\resources
2021-11-12 00:59:16,388 [Worker-3: Building] INFO  o.e.m.c.i.embedder.EclipseLogger - Using 'UTF-8' encoding to copy filtered resources.
2021-11-12 00:59:16,389 [Worker-3: Building] INFO  o.e.m.c.i.embedder.EclipseLogger - skip non existing resourceDirectory D:\work space\NTSPBMS615-BOOT\IOCProj-100pcode-DependencyManagement\src\main\resources
2021-11-12 00:59:16,392 [Worker-3: Building] INFO  o.e.m.c.i.embedder.EclipseLogger - Using 'UTF-8' encoding to copy filtered resources.
2021-11-12 00:59:16,392 [Worker-3: Building] INFO  o.e.m.c.i.embedder.EclipseLogger - skip non existing resourceDirectory D:\work space\NTSPBMS615-BOOT\IOCProj-100pcode-DependencyManagement\src\test\resources
2021-11-12 01:07:10,638 [Worker-8: Building] INFO  o.e.m.c.i.embedder.EclipseLogger - Using 'UTF-8' encoding to copy filtered resources.
2021-11-12 01:07:10,639 [Worker-8: Building] INFO  o.e.m.c.i.embedder.EclipseLogger - skip non existing resourceDirectory D:\work space\NTSPBMS615-BOOT\IOCProj-100pcode-DependencyManagement\src\main\resources
2021-11-12 01:07:10,644 [Worker-8: Building] INFO  o.e.m.c.i.embedder.EclipseLogger - Using 'UTF-8' encoding to copy filtered resources.
2021-11-12 01:07:10,645 [Worker-8: Building] INFO  o.e.m.c.i.embedder.EclipseLogger - skip non existing resourceDirectory D:\work space\NTSPBMS615-BOOT\IOCProj-100pcode-DependencyManagement\src\test\resources
2021-11-12 01:10:30,423 [Worker-17: Building] INFO  o.e.m.c.i.embedder.EclipseLogger - Using 'UTF-8' encoding to copy filtered resources.
2021-11-12 01:10:30,423 [Worker-17: Building] INFO  o.e.m.c.i.embedder.EclipseLogger - skip non existing resourceDirectory D:\work space\NTSPBMS615-BOOT\IOCProj-100pcode-DependencyManagement\src\main\resources
2021-11-12 01:10:30,426 [Worker-17: Building] INFO  o.e.m.c.i.embedder.EclipseLogger - Using 'UTF-8' encoding to copy filtered resources.
2021-11-12 01:10:30,426 [Worker-17: Building] INFO  o.e.m.c.i.embedder.EclipseLogger - skip non existing resourceDirectory D:\work space\NTSPBMS615-BOOT\IOCProj-100pcode-DependencyManagement\src\test\resources
2021-11-12 01:10:50,531 [Worker-5: Building] INFO  o.e.m.c.i.embedder.EclipseLogger - Using 'UTF-8' encoding to copy filtered resources.
2021-11-12 01:10:50,531 [Worker-5: Building] INFO  o.e.m.c.i.embedder.EclipseLogger - skip non existing resourceDirectory D:\work space\NTSPBMS615-BOOT\IOCProj-100pcode-DependencyManagement\src\main\resources
2021-11-12 01:10:50,534 [Worker-5: Building] INFO  o.e.m.c.i.embedder.EclipseLogger - Using 'UTF-8' encoding to copy filtered resources.
2021-11-12 01:10:50,534 [Worker-5: Building] INFO  o.e.m.c.i.embedder.EclipseLogger - skip non existing resourceDirectory D:\work space\NTSPBMS615-BOOT\IOCProj-100pcode-DependencyManagement\src\test\resources
2021-11-12 01:12:21,984 [Worker-5: Building] INFO  o.e.m.c.i.embedder.EclipseLogger - Using 'UTF-8' encoding to copy filtered resources.
2021-11-12 01:12:21,985 [Worker-5: Building] INFO  o.e.m.c.i.embedder.EclipseLogger - skip non existing resourceDirectory D:\work space\NTSPBMS615-BOOT\IOCProj-100pcode-DependencyManagement\src\main\resources
2021-11-12 01:12:21,987 [Worker-5: Building] INFO  o.e.m.c.i.embedder.EclipseLogger - Using 'UTF-8' encoding to copy filtered resources.
2021-11-12 01:12:21,988 [Worker-5: Building] INFO  o.e.m.c.i.embedder.EclipseLogger - skip non existing resourceDirectory D:\work space\NTSPBMS615-BOOT\IOCProj-100pcode-DependencyManagement\src\test\resources
2021-11-12 01:26:57,860 [Worker-22: Building] INFO  o.e.m.c.i.embedder.EclipseLogger - Using 'UTF-8' encoding to copy filtered resources.
2021-11-12 01:26:57,860 [Worker-22: Building] INFO  o.e.m.c.i.embedder.EclipseLogger - skip non existing resourceDirectory D:\work space\NTSPBMS615-BOOT\IOCProj-100pcode-DependencyManagement\src\main\resources
2021-11-12 01:26:57,867 [Worker-22: Building] INFO  o.e.m.c.i.embedder.EclipseLogger - Using 'UTF-8' encoding to copy filtered resources.
2021-11-12 01:26:57,867 [Worker-22: Building] INFO  o.e.m.c.i.embedder.EclipseLogger - skip non existing resourceDirectory D:\work space\NTSPBMS615-BOOT\IOCProj-100pcode-DependencyManagement\src\test\resources
2021-11-12 01:28:40,788 [Worker-20: Building] INFO  o.e.m.c.i.embedder.EclipseLogger - Using 'UTF-8' encoding to copy filtered resources.
2021-11-12 01:28:40,789 [Worker-20: Building] INFO  o.e.m.c.i.embedder.EclipseLogger - skip non existing resourceDirectory D:\work space\NTSPBMS615-BOOT\IOCProj-100pcode-DependencyManagement\src\main\resources
2021-11-12 01:28:40,790 [Worker-20: Building] INFO  o.e.m.c.i.embedder.EclipseLogger - Using 'UTF-8' encoding to copy filtered resources.
2021-11-12 01:28:40,791 [Worker-20: Building] INFO  o.e.m.c.i.embedder.EclipseLogger - skip non existing resourceDirectory D:\work space\NTSPBMS615-BOOT\IOCProj-100pcode-DependencyManagement\src\test\resources
2021-11-12 01:30:23,399 [Worker-23: Building] INFO  o.e.m.c.i.embedder.EclipseLogger - Using 'UTF-8' encoding to copy filtered resources.
2021-11-12 01:30:23,400 [Worker-23: Building] INFO  o.e.m.c.i.embedder.EclipseLogger - skip non existing resourceDirectory D:\work space\NTSPBMS615-BOOT\IOCProj-100pcode-DependencyManagement\src\main\resources
2021-11-12 01:30:23,402 [Worker-23: Building] INFO  o.e.m.c.i.embedder.EclipseLogger - Using 'UTF-8' encoding to copy filtered resources.
2021-11-12 01:30:23,403 [Worker-23: Building] INFO  o.e.m.c.i.embedder.EclipseLogger - skip non existing resourceDirectory D:\work space\NTSPBMS615-BOOT\IOCProj-100pcode-DependencyManagement\src\test\resources
2021-11-12 01:31:36,636 [Worker-2: Loading available Gradle versions] INFO  o.e.b.c.i.u.g.PublishedGradleVersions - Gradle version information cache is up-to-date. Trying to read.
2021-11-12 01:33:20,573 [Worker-0: Building] INFO  o.e.m.c.i.embedder.EclipseLogger - Using 'UTF-8' encoding to copy filtered resources.
2021-11-12 01:33:20,573 [Worker-0: Building] INFO  o.e.m.c.i.embedder.EclipseLogger - skip non existing resourceDirectory D:\work space\NTSPBMS615-BOOT\IOCProj-100pcode-DependencyManagement\src\main\resources
2021-11-12 01:33:20,579 [Worker-0: Building] INFO  o.e.m.c.i.embedder.EclipseLogger - Using 'UTF-8' encoding to copy filtered resources.
2021-11-12 01:33:20,579 [Worker-0: Building] INFO  o.e.m.c.i.embedder.EclipseLogger - skip non existing resourceDirectory D:\work space\NTSPBMS615-BOOT\IOCProj-100pcode-DependencyManagement\src\test\resources
2021-11-12 01:34:16,060 [Worker-8: Building] INFO  o.e.m.c.i.embedder.EclipseLogger - Using 'UTF-8' encoding to copy filtered resources.
2021-11-12 01:34:16,060 [Worker-8: Building] INFO  o.e.m.c.i.embedder.EclipseLogger - skip non existing resourceDirectory D:\work space\NTSPBMS615-BOOT\IOCProj-100pcode-DependencyManagement\src\main\resources
2021-11-12 01:34:16,063 [Worker-8: Building] INFO  o.e.m.c.i.embedder.EclipseLogger - Using 'UTF-8' encoding to copy filtered resources.
2021-11-12 01:34:16,064 [Worker-8: Building] INFO  o.e.m.c.i.embedder.EclipseLogger - skip non existing resourceDirectory D:\work space\NTSPBMS615-BOOT\IOCProj-100pcode-DependencyManagement\src\test\resources
2021-11-12 01:34:28,530 [Worker-3: Building] INFO  o.e.m.c.i.embedder.EclipseLogger - Using 'UTF-8' encoding to copy filtered resources.
2021-11-12 01:34:28,530 [Worker-3: Building] INFO  o.e.m.c.i.embedder.EclipseLogger - skip non existing resourceDirectory D:\work space\NTSPBMS615-BOOT\IOCProj-100pcode-DependencyManagement\src\main\resources
2021-11-12 01:34:28,534 [Worker-3: Building] INFO  o.e.m.c.i.embedder.EclipseLogger - Using 'UTF-8' encoding to copy filtered resources.
2021-11-12 01:34:28,534 [Worker-3: Building] INFO  o.e.m.c.i.embedder.EclipseLogger - skip non existing resourceDirectory D:\work space\NTSPBMS615-BOOT\IOCProj-100pcode-DependencyManagement\src\test\resources
2021-11-12 01:38:51,322 [Worker-13: Building] INFO  o.e.m.c.i.embedder.EclipseLogger - Using 'UTF-8' encoding to copy filtered resources.
2021-11-12 01:38:51,322 [Worker-13: Building] INFO  o.e.m.c.i.embedder.EclipseLogger - skip non existing resourceDirectory D:\work space\NTSPBMS615-BOOT\IOCProj-100pcode-DependencyManagement\src\main\resources
2021-11-12 01:38:51,326 [Worker-13: Building] INFO  o.e.m.c.i.embedder.EclipseLogger - Using 'UTF-8' encoding to copy filtered resources.
2021-11-12 01:38:51,326 [Worker-13: Building] INFO  o.e.m.c.i.embedder.EclipseLogger - skip non existing resourceDirectory D:\work space\NTSPBMS615-BOOT\IOCProj-100pcode-DependencyManagement\src\test\resources
2021-11-12 01:40:49,883 [Worker-14: Building] INFO  o.e.m.c.i.embedder.EclipseLogger - Using 'UTF-8' encoding to copy filtered resources.
2021-11-12 01:40:49,883 [Worker-14: Building] INFO  o.e.m.c.i.embedder.EclipseLogger - skip non existing resourceDirectory D:\work space\NTSPBMS615-BOOT\IOCProj-100pcode-DependencyManagement\src\main\resources
2021-11-12 01:40:49,885 [Worker-14: Building] INFO  o.e.m.c.i.embedder.EclipseLogger - Using 'UTF-8' encoding to copy filtered resources.
2021-11-12 01:40:49,885 [Worker-14: Building] INFO  o.e.m.c.i.embedder.EclipseLogger - skip non existing resourceDirectory D:\work space\NTSPBMS615-BOOT\IOCProj-100pcode-DependencyManagement\src\test\resources
2021-11-13 01:38:33,729 [Worker-6: Creating maven-archetype-quickstart] INFO  o.e.m.c.i.p.ProjectConfigurationManager - Collecting project info '/pom.xml' D:\work space\NTSPBMS615-BOOT\IOCProj2-100pcode-StrategyDP\pom.xml
2021-11-13 01:38:44,725 [Worker-6: Creating maven-archetype-quickstart] INFO  o.e.m.c.i.l.LifecycleMappingFactory - Using org.eclipse.m2e.jdt.JarLifecycleMapping lifecycle mapping for MavenProject: nit:IOCProj2-100pcode-StrategyDP:0.0.1-SNAPSHOT @ D:\work space\NTSPBMS615-BOOT\IOCProj2-100pcode-StrategyDP\pom.xml.
2021-11-13 01:38:50,152 [Worker-17: Loading available Gradle versions] INFO  o.e.b.c.i.u.g.PublishedGradleVersions - Gradle version information cache is out-of-date. Trying to update.
2021-11-13 01:38:53,446 [Worker-6: Creating maven-archetype-quickstart] INFO  o.e.m.j.i.AbstractJavaProjectConfigurator - Adding source folder /IOCProj2-100pcode-StrategyDP/src/main/java
2021-11-13 01:38:53,472 [Worker-6: Creating maven-archetype-quickstart] INFO  o.e.m.j.i.AbstractJavaProjectConfigurator - Adding source folder /IOCProj2-100pcode-StrategyDP/src/test/java
2021-11-13 01:38:54,865 [Worker-6: Creating maven-archetype-quickstart] INFO  o.e.m.c.i.p.ProjectConfigurationManager - Imported and configured 1 project(s) in 21 sec
2021-11-13 01:39:02,909 [Worker-6: Building] INFO  o.e.m.c.i.embedder.EclipseLogger - Using 'UTF-8' encoding to copy filtered resources.
2021-11-13 01:39:02,910 [Worker-6: Building] INFO  o.e.m.c.i.embedder.EclipseLogger - skip non existing resourceDirectory D:\work space\NTSPBMS615-BOOT\IOCProj2-100pcode-StrategyDP\src\main\resources
2021-11-13 01:39:02,914 [Worker-6: Building] INFO  o.e.m.c.i.embedder.EclipseLogger - Using 'UTF-8' encoding to copy filtered resources.
2021-11-13 01:39:02,915 [Worker-6: Building] INFO  o.e.m.c.i.embedder.EclipseLogger - skip non existing resourceDirectory D:\work space\NTSPBMS615-BOOT\IOCProj2-100pcode-StrategyDP\src\test\resources
2021-11-13 01:40:30,399 [Worker-16: Building] INFO  o.e.m.c.i.l.LifecycleMappingFactory - Using org.eclipse.m2e.jdt.JarLifecycleMapping lifecycle mapping for MavenProject: nit:IOCProj2-100pcode-StrategyDP:0.0.1-SNAPSHOT @ D:\work space\NTSPBMS615-BOOT\IOCProj2-100pcode-StrategyDP\pom.xml.
2021-11-13 01:40:30,861 [Worker-16: Building] INFO  o.e.m.c.i.embedder.EclipseLogger - Using 'UTF-8' encoding to copy filtered resources.
2021-11-13 01:40:30,862 [Worker-16: Building] INFO  o.e.m.c.i.embedder.EclipseLogger - skip non existing resourceDirectory D:\work space\NTSPBMS615-BOOT\IOCProj2-100pcode-StrategyDP\src\main\resources
2021-11-13 01:40:30,866 [Worker-16: Building] INFO  o.e.m.c.i.embedder.EclipseLogger - Using 'UTF-8' encoding to copy filtered resources.
2021-11-13 01:40:30,868 [Worker-16: Building] INFO  o.e.m.c.i.embedder.EclipseLogger - skip non existing resourceDirectory D:\work space\NTSPBMS615-BOOT\IOCProj2-100pcode-StrategyDP\src\test\resources
2021-11-13 01:41:38,720 [Worker-6: Updating Maven Project] INFO  o.e.m.c.i.p.ProjectConfigurationManager - Update started
2021-11-13 01:41:39,631 [Worker-6: Updating Maven Project] INFO  o.e.m.c.i.l.LifecycleMappingFactory - Using org.eclipse.m2e.jdt.JarLifecycleMapping lifecycle mapping for MavenProject: nit:IOCProj2-100pcode-StrategyDP:0.0.1-SNAPSHOT @ D:\work space\NTSPBMS615-BOOT\IOCProj2-100pcode-StrategyDP\pom.xml.
2021-11-13 01:41:39,972 [Worker-6: Updating Maven Project] INFO  o.e.m.j.i.AbstractJavaProjectConfigurator - Adding source folder /IOCProj2-100pcode-StrategyDP/src/main/java
2021-11-13 01:41:39,973 [Worker-6: Updating Maven Project] INFO  o.e.m.j.i.AbstractJavaProjectConfigurator - Adding source folder /IOCProj2-100pcode-StrategyDP/src/test/java
2021-11-13 01:41:40,533 [Worker-6: Updating Maven Project] INFO  o.e.m.c.i.p.ProjectConfigurationManager - Update completed: 1 sec
2021-11-13 01:41:41,092 [Worker-19: Building] INFO  o.e.m.c.i.embedder.EclipseLogger - Using 'UTF-8' encoding to copy filtered resources.
2021-11-13 01:41:41,093 [Worker-19: Building] INFO  o.e.m.c.i.embedder.EclipseLogger - skip non existing resourceDirectory D:\work space\NTSPBMS615-BOOT\IOCProj2-100pcode-StrategyDP\src\main\resources
2021-11-13 01:41:41,097 [Worker-19: Building] INFO  o.e.m.c.i.embedder.EclipseLogger - Using 'UTF-8' encoding to copy filtered resources.
2021-11-13 01:41:41,097 [Worker-19: Building] INFO  o.e.m.c.i.embedder.EclipseLogger - skip non existing resourceDirectory D:\work space\NTSPBMS615-BOOT\IOCProj2-100pcode-StrategyDP\src\test\resources
2021-11-13 01:42:31,514 [Worker-19: Building] INFO  o.e.m.c.i.embedder.EclipseLogger - Using 'UTF-8' encoding to copy filtered resources.
2021-11-13 01:42:31,514 [Worker-19: Building] INFO  o.e.m.c.i.embedder.EclipseLogger - skip non existing resourceDirectory D:\work space\NTSPBMS615-BOOT\IOCProj2-100pcode-StrategyDP\src\main\resources
2021-11-13 01:42:31,517 [Worker-19: Building] INFO  o.e.m.c.i.embedder.EclipseLogger - Using 'UTF-8' encoding to copy filtered resources.
2021-11-13 01:42:31,517 [Worker-19: Building] INFO  o.e.m.c.i.embedder.EclipseLogger - skip non existing resourceDirectory D:\work space\NTSPBMS615-BOOT\IOCProj2-100pcode-StrategyDP\src\test\resources
2021-11-13 01:43:19,802 [Worker-16: Building] INFO  o.e.m.c.i.embedder.EclipseLogger - Using 'UTF-8' encoding to copy filtered resources.
2021-11-13 01:43:19,802 [Worker-16: Building] INFO  o.e.m.c.i.embedder.EclipseLogger - skip non existing resourceDirectory D:\work space\NTSPBMS615-BOOT\IOCProj2-100pcode-StrategyDP\src\main\resources
2021-11-13 01:43:19,805 [Worker-16: Building] INFO  o.e.m.c.i.embedder.EclipseLogger - Using 'UTF-8' encoding to copy filtered resources.
2021-11-13 01:43:19,805 [Worker-16: Building] INFO  o.e.m.c.i.embedder.EclipseLogger - skip non existing resourceDirectory D:\work space\NTSPBMS615-BOOT\IOCProj2-100pcode-StrategyDP\src\test\resources
2021-11-13 01:44:15,468 [Worker-6: Building] INFO  o.e.m.c.i.embedder.EclipseLogger - Using 'UTF-8' encoding to copy filtered resources.
2021-11-13 01:44:15,468 [Worker-6: Building] INFO  o.e.m.c.i.embedder.EclipseLogger - skip non existing resourceDirectory D:\work space\NTSPBMS615-BOOT\IOCProj2-100pcode-StrategyDP\src\main\resources
2021-11-13 01:44:15,471 [Worker-6: Building] INFO  o.e.m.c.i.embedder.EclipseLogger - Using 'UTF-8' encoding to copy filtered resources.
2021-11-13 01:44:15,471 [Worker-6: Building] INFO  o.e.m.c.i.embedder.EclipseLogger - skip non existing resourceDirectory D:\work space\NTSPBMS615-BOOT\IOCProj2-100pcode-StrategyDP\src\test\resources
2021-11-13 01:46:32,990 [Worker-20: Building] INFO  o.e.m.c.i.embedder.EclipseLogger - Using 'UTF-8' encoding to copy filtered resources.
2021-11-13 01:46:32,991 [Worker-20: Building] INFO  o.e.m.c.i.embedder.EclipseLogger - skip non existing resourceDirectory D:\work space\NTSPBMS615-BOOT\IOCProj2-100pcode-StrategyDP\src\main\resources
2021-11-13 01:46:32,992 [Worker-20: Building] INFO  o.e.m.c.i.embedder.EclipseLogger - Using 'UTF-8' encoding to copy filtered resources.
2021-11-13 01:46:32,993 [Worker-20: Building] INFO  o.e.m.c.i.embedder.EclipseLogger - skip non existing resourceDirectory D:\work space\NTSPBMS615-BOOT\IOCProj2-100pcode-StrategyDP\src\test\resources
2021-11-13 01:47:41,429 [Worker-21: Building] INFO  o.e.m.c.i.embedder.EclipseLogger - Using 'UTF-8' encoding to copy filtered resources.
2021-11-13 01:47:41,429 [Worker-21: Building] INFO  o.e.m.c.i.embedder.EclipseLogger - skip non existing resourceDirectory D:\work space\NTSPBMS615-BOOT\IOCProj2-100pcode-StrategyDP\src\main\resources
2021-11-13 01:47:41,432 [Worker-21: Building] INFO  o.e.m.c.i.embedder.EclipseLogger - Using 'UTF-8' encoding to copy filtered resources.
2021-11-13 01:47:41,432 [Worker-21: Building] INFO  o.e.m.c.i.embedder.EclipseLogger - skip non existing resourceDirectory D:\work space\NTSPBMS615-BOOT\IOCProj2-100pcode-StrategyDP\src\test\resources
2021-11-13 01:53:26,832 [Worker-6: Building] INFO  o.e.m.c.i.embedder.EclipseLogger - Using 'UTF-8' encoding to copy filtered resources.
2021-11-13 01:53:26,862 [Worker-6: Building] INFO  o.e.m.c.i.embedder.EclipseLogger - skip non existing resourceDirectory D:\work space\NTSPBMS615-BOOT\IOCProj2-100pcode-StrategyDP\src\main\resources
2021-11-13 01:53:26,868 [Worker-6: Building] INFO  o.e.m.c.i.embedder.EclipseLogger - Using 'UTF-8' encoding to copy filtered resources.
2021-11-13 01:53:26,869 [Worker-6: Building] INFO  o.e.m.c.i.embedder.EclipseLogger - skip non existing resourceDirectory D:\work space\NTSPBMS615-BOOT\IOCProj2-100pcode-StrategyDP\src\test\resources
2021-11-13 01:54:46,873 [Worker-17: Building] INFO  o.e.m.c.i.embedder.EclipseLogger - Using 'UTF-8' encoding to copy filtered resources.
2021-11-13 01:54:46,875 [Worker-17: Building] INFO  o.e.m.c.i.embedder.EclipseLogger - skip non existing resourceDirectory D:\work space\NTSPBMS615-BOOT\IOCProj2-100pcode-StrategyDP\src\main\resources
2021-11-13 01:54:46,880 [Worker-17: Building] INFO  o.e.m.c.i.embedder.EclipseLogger - Using 'UTF-8' encoding to copy filtered resources.
2021-11-13 01:54:46,880 [Worker-17: Building] INFO  o.e.m.c.i.embedder.EclipseLogger - skip non existing resourceDirectory D:\work space\NTSPBMS615-BOOT\IOCProj2-100pcode-StrategyDP\src\test\resources
2021-11-13 01:56:20,889 [Worker-22: Building] INFO  o.e.m.c.i.embedder.EclipseLogger - Using 'UTF-8' encoding to copy filtered resources.
2021-11-13 01:56:20,889 [Worker-22: Building] INFO  o.e.m.c.i.embedder.EclipseLogger - skip non existing resourceDirectory D:\work space\NTSPBMS615-BOOT\IOCProj2-100pcode-StrategyDP\src\main\resources
2021-11-13 01:56:20,891 [Worker-22: Building] INFO  o.e.m.c.i.embedder.EclipseLogger - Using 'UTF-8' encoding to copy filtered resources.
2021-11-13 01:56:20,892 [Worker-22: Building] INFO  o.e.m.c.i.embedder.EclipseLogger - skip non existing resourceDirectory D:\work space\NTSPBMS615-BOOT\IOCProj2-100pcode-StrategyDP\src\test\resources
2021-11-13 02:01:45,194 [Worker-23: Building] INFO  o.e.m.c.i.embedder.EclipseLogger - Using 'UTF-8' encoding to copy filtered resources.
2021-11-13 02:01:45,195 [Worker-23: Building] INFO  o.e.m.c.i.embedder.EclipseLogger - skip non existing resourceDirectory D:\work space\NTSPBMS615-BOOT\IOCProj2-100pcode-StrategyDP\src\main\resources
2021-11-13 02:01:45,196 [Worker-23: Building] INFO  o.e.m.c.i.embedder.EclipseLogger - Using 'UTF-8' encoding to copy filtered resources.
2021-11-13 02:01:45,197 [Worker-23: Building] INFO  o.e.m.c.i.embedder.EclipseLogger - skip non existing resourceDirectory D:\work space\NTSPBMS615-BOOT\IOCProj2-100pcode-StrategyDP\src\test\resources
2021-11-13 02:05:16,949 [Worker-23: Building] INFO  o.e.m.c.i.embedder.EclipseLogger - Using 'UTF-8' encoding to copy filtered resources.
2021-11-13 02:05:16,950 [Worker-23: Building] INFO  o.e.m.c.i.embedder.EclipseLogger - skip non existing resourceDirectory D:\work space\NTSPBMS615-BOOT\IOCProj2-100pcode-StrategyDP\src\main\resources
2021-11-13 02:05:16,956 [Worker-23: Building] INFO  o.e.m.c.i.embedder.EclipseLogger - Using 'UTF-8' encoding to copy filtered resources.
2021-11-13 02:05:16,956 [Worker-23: Building] INFO  o.e.m.c.i.embedder.EclipseLogger - skip non existing resourceDirectory D:\work space\NTSPBMS615-BOOT\IOCProj2-100pcode-StrategyDP\src\test\resources
2021-11-13 02:06:18,189 [Worker-24: Building] INFO  o.e.m.c.i.embedder.EclipseLogger - Using 'UTF-8' encoding to copy filtered resources.
2021-11-13 02:06:18,189 [Worker-24: Building] INFO  o.e.m.c.i.embedder.EclipseLogger - skip non existing resourceDirectory D:\work space\NTSPBMS615-BOOT\IOCProj2-100pcode-StrategyDP\src\main\resources
2021-11-13 02:06:18,192 [Worker-24: Building] INFO  o.e.m.c.i.embedder.EclipseLogger - Using 'UTF-8' encoding to copy filtered resources.
2021-11-13 02:06:18,193 [Worker-24: Building] INFO  o.e.m.c.i.embedder.EclipseLogger - skip non existing resourceDirectory D:\work space\NTSPBMS615-BOOT\IOCProj2-100pcode-StrategyDP\src\test\resources
2021-11-13 02:14:19,776 [Worker-26: Building] INFO  o.e.m.c.i.embedder.EclipseLogger - Using 'UTF-8' encoding to copy filtered resources.
2021-11-13 02:14:19,776 [Worker-26: Building] INFO  o.e.m.c.i.embedder.EclipseLogger - skip non existing resourceDirectory D:\work space\NTSPBMS615-BOOT\IOCProj2-100pcode-StrategyDP\src\main\resources
2021-11-13 02:14:19,778 [Worker-26: Building] INFO  o.e.m.c.i.embedder.EclipseLogger - Using 'UTF-8' encoding to copy filtered resources.
2021-11-13 02:14:19,779 [Worker-26: Building] INFO  o.e.m.c.i.embedder.EclipseLogger - skip non existing resourceDirectory D:\work space\NTSPBMS615-BOOT\IOCProj2-100pcode-StrategyDP\src\test\resources
2021-11-13 02:14:45,703 [Worker-17: Building] INFO  o.e.m.c.i.l.LifecycleMappingFactory - Using org.eclipse.m2e.jdt.JarLifecycleMapping lifecycle mapping for MavenProject: nit:IOCProj-100pcode-DependencyManagement:0.0.1-SNAPSHOT @ D:\work space\NTSPBMS615-BOOT\IOCProj2-100pcode-StrategyDP\pom.xml.
2021-11-13 02:14:46,749 [Worker-17: Building] INFO  o.e.m.c.i.embedder.EclipseLogger - Using 'UTF-8' encoding to copy filtered resources.
2021-11-13 02:14:46,749 [Worker-17: Building] INFO  o.e.m.c.i.embedder.EclipseLogger - skip non existing resourceDirectory D:\work space\NTSPBMS615-BOOT\IOCProj2-100pcode-StrategyDP\src\main\resources
2021-11-13 02:14:46,752 [Worker-17: Building] INFO  o.e.m.c.i.embedder.EclipseLogger - Using 'UTF-8' encoding to copy filtered resources.
2021-11-13 02:14:46,752 [Worker-17: Building] INFO  o.e.m.c.i.embedder.EclipseLogger - skip non existing resourceDirectory D:\work space\NTSPBMS615-BOOT\IOCProj2-100pcode-StrategyDP\src\test\resources
2021-11-13 02:14:48,574 [Worker-26: Building] INFO  o.e.m.c.i.embedder.EclipseLogger - Using 'UTF-8' encoding to copy filtered resources.
2021-11-13 02:14:48,574 [Worker-26: Building] INFO  o.e.m.c.i.embedder.EclipseLogger - skip non existing resourceDirectory D:\work space\NTSPBMS615-BOOT\IOCProj2-100pcode-StrategyDP\src\main\resources
2021-11-13 02:14:48,576 [Worker-26: Building] INFO  o.e.m.c.i.embedder.EclipseLogger - Using 'UTF-8' encoding to copy filtered resources.
2021-11-13 02:14:48,577 [Worker-26: Building] INFO  o.e.m.c.i.embedder.EclipseLogger - skip non existing resourceDirectory D:\work space\NTSPBMS615-BOOT\IOCProj2-100pcode-StrategyDP\src\test\resources
2021-11-13 02:15:06,130 [Worker-17: Updating Maven Project] INFO  o.e.m.c.i.p.ProjectConfigurationManager - Update started
2021-11-13 02:15:06,750 [Worker-17: Updating Maven Project] INFO  o.e.m.c.i.l.LifecycleMappingFactory - Using org.eclipse.m2e.jdt.JarLifecycleMapping lifecycle mapping for MavenProject: nit:IOCProj-100pcode-DependencyManagement:0.0.1-SNAPSHOT @ D:\work space\NTSPBMS615-BOOT\IOCProj2-100pcode-StrategyDP\pom.xml.
2021-11-13 02:15:07,036 [Worker-17: Updating Maven Project] INFO  o.e.m.j.i.AbstractJavaProjectConfigurator - Adding source folder /IOCProj2-100pcode-StrategyDP/src/main/java
2021-11-13 02:15:07,037 [Worker-17: Updating Maven Project] INFO  o.e.m.j.i.AbstractJavaProjectConfigurator - Adding source folder /IOCProj2-100pcode-StrategyDP/src/test/java
2021-11-13 02:15:07,608 [Worker-17: Updating Maven Project] INFO  o.e.m.c.i.p.ProjectConfigurationManager - Update completed: 1 sec
2021-11-13 02:15:11,986 [Worker-29: Building] INFO  o.e.m.c.i.embedder.EclipseLogger - Using 'UTF-8' encoding to copy filtered resources.
2021-11-13 02:15:11,986 [Worker-29: Building] INFO  o.e.m.c.i.embedder.EclipseLogger - skip non existing resourceDirectory D:\work space\NTSPBMS615-BOOT\IOCProj2-100pcode-StrategyDP\src\main\resources
2021-11-13 02:15:11,988 [Worker-29: Building] INFO  o.e.m.c.i.embedder.EclipseLogger - Using 'UTF-8' encoding to copy filtered resources.
2021-11-13 02:15:11,989 [Worker-29: Building] INFO  o.e.m.c.i.embedder.EclipseLogger - skip non existing resourceDirectory D:\work space\NTSPBMS615-BOOT\IOCProj2-100pcode-StrategyDP\src\test\resources
2021-11-13 02:16:29,950 [Worker-17: Building] INFO  o.e.m.c.i.embedder.EclipseLogger - Using 'UTF-8' encoding to copy filtered resources.
2021-11-13 02:16:29,951 [Worker-17: Building] INFO  o.e.m.c.i.embedder.EclipseLogger - skip non existing resourceDirectory D:\work space\NTSPBMS615-BOOT\IOCProj2-100pcode-StrategyDP\src\main\resources
2021-11-13 02:16:29,953 [Worker-17: Building] INFO  o.e.m.c.i.embedder.EclipseLogger - Using 'UTF-8' encoding to copy filtered resources.
2021-11-13 02:16:29,953 [Worker-17: Building] INFO  o.e.m.c.i.embedder.EclipseLogger - skip non existing resourceDirectory D:\work space\NTSPBMS615-BOOT\IOCProj2-100pcode-StrategyDP\src\test\resources
2021-11-13 02:20:46,007 [Worker-30: Building] INFO  o.e.m.c.i.embedder.EclipseLogger - Using 'UTF-8' encoding to copy filtered resources.
2021-11-13 02:20:46,008 [Worker-30: Building] INFO  o.e.m.c.i.embedder.EclipseLogger - skip non existing resourceDirectory D:\work space\NTSPBMS615-BOOT\IOCProj2-100pcode-StrategyDP\src\main\resources
2021-11-13 02:20:46,012 [Worker-30: Building] INFO  o.e.m.c.i.embedder.EclipseLogger - Using 'UTF-8' encoding to copy filtered resources.
2021-11-13 02:20:46,013 [Worker-30: Building] INFO  o.e.m.c.i.embedder.EclipseLogger - skip non existing resourceDirectory D:\work space\NTSPBMS615-BOOT\IOCProj2-100pcode-StrategyDP\src\test\resources
2021-11-13 02:31:05,283 [Worker-34: Building] INFO  o.e.m.c.i.embedder.EclipseLogger - Using 'UTF-8' encoding to copy filtered resources.
2021-11-13 02:31:05,284 [Worker-34: Building] INFO  o.e.m.c.i.embedder.EclipseLogger - skip non existing resourceDirectory D:\work space\NTSPBMS615-BOOT\IOCProj2-100pcode-StrategyDP\src\main\resources
2021-11-13 02:31:05,288 [Worker-34: Building] INFO  o.e.m.c.i.embedder.EclipseLogger - Using 'UTF-8' encoding to copy filtered resources.
2021-11-13 02:31:05,289 [Worker-34: Building] INFO  o.e.m.c.i.embedder.EclipseLogger - skip non existing resourceDirectory D:\work space\NTSPBMS615-BOOT\IOCProj2-100pcode-StrategyDP\src\test\resources
2021-11-13 02:31:22,594 [Worker-33: Building] INFO  o.e.m.c.i.embedder.EclipseLogger - Using 'UTF-8' encoding to copy filtered resources.
2021-11-13 02:31:22,594 [Worker-33: Building] INFO  o.e.m.c.i.embedder.EclipseLogger - skip non existing resourceDirectory D:\work space\NTSPBMS615-BOOT\IOCProj2-100pcode-StrategyDP\src\main\resources
2021-11-13 02:31:22,596 [Worker-33: Building] INFO  o.e.m.c.i.embedder.EclipseLogger - Using 'UTF-8' encoding to copy filtered resources.
2021-11-13 02:31:22,596 [Worker-33: Building] INFO  o.e.m.c.i.embedder.EclipseLogger - skip non existing resourceDirectory D:\work space\NTSPBMS615-BOOT\IOCProj2-100pcode-StrategyDP\src\test\resources
2021-11-13 02:32:41,885 [Worker-33: Building] INFO  o.e.m.c.i.embedder.EclipseLogger - Using 'UTF-8' encoding to copy filtered resources.
2021-11-13 02:32:41,887 [Worker-33: Building] INFO  o.e.m.c.i.embedder.EclipseLogger - skip non existing resourceDirectory D:\work space\NTSPBMS615-BOOT\IOCProj2-100pcode-StrategyDP\src\main\resources
2021-11-13 02:32:41,890 [Worker-33: Building] INFO  o.e.m.c.i.embedder.EclipseLogger - Using 'UTF-8' encoding to copy filtered resources.
2021-11-13 02:32:41,890 [Worker-33: Building] INFO  o.e.m.c.i.embedder.EclipseLogger - skip non existing resourceDirectory D:\work space\NTSPBMS615-BOOT\IOCProj2-100pcode-StrategyDP\src\test\resources
2021-11-13 23:13:43,560 [Worker-1: Loading available Gradle versions] INFO  o.e.b.c.i.u.g.PublishedGradleVersions - Gradle version information cache is up-to-date. Trying to read.
2021-11-13 23:21:28,235 [Worker-6: Building] INFO  o.e.m.c.i.embedder.EclipseLogger - Using 'UTF-8' encoding to copy filtered resources.
2021-11-13 23:21:28,236 [Worker-6: Building] INFO  o.e.m.c.i.embedder.EclipseLogger - skip non existing resourceDirectory D:\work space\NTSPBMS615-BOOT\IOCProj2-100pcode-StrategyDP\src\main\resources
2021-11-13 23:21:28,245 [Worker-6: Building] INFO  o.e.m.c.i.embedder.EclipseLogger - Using 'UTF-8' encoding to copy filtered resources.
2021-11-13 23:21:28,246 [Worker-6: Building] INFO  o.e.m.c.i.embedder.EclipseLogger - skip non existing resourceDirectory D:\work space\NTSPBMS615-BOOT\IOCProj2-100pcode-StrategyDP\src\test\resources
2021-11-13 23:21:38,201 [Worker-16: Building] INFO  o.e.m.c.i.embedder.EclipseLogger - Using 'UTF-8' encoding to copy filtered resources.
2021-11-13 23:21:38,202 [Worker-16: Building] INFO  o.e.m.c.i.embedder.EclipseLogger - skip non existing resourceDirectory D:\work space\NTSPBMS615-BOOT\IOCProj2-100pcode-StrategyDP\src\main\resources
2021-11-13 23:21:38,206 [Worker-16: Building] INFO  o.e.m.c.i.embedder.EclipseLogger - Using 'UTF-8' encoding to copy filtered resources.
2021-11-13 23:21:38,206 [Worker-16: Building] INFO  o.e.m.c.i.embedder.EclipseLogger - skip non existing resourceDirectory D:\work space\NTSPBMS615-BOOT\IOCProj2-100pcode-StrategyDP\src\test\resources
2021-11-13 23:27:34,191 [Worker-12: Building] INFO  o.e.m.c.i.embedder.EclipseLogger - Using 'UTF-8' encoding to copy filtered resources.
2021-11-13 23:27:34,192 [Worker-12: Building] INFO  o.e.m.c.i.embedder.EclipseLogger - skip non existing resourceDirectory D:\work space\NTSPBMS615-BOOT\IOCProj2-100pcode-StrategyDP\src\main\resources
2021-11-13 23:27:34,198 [Worker-12: Building] INFO  o.e.m.c.i.embedder.EclipseLogger - Using 'UTF-8' encoding to copy filtered resources.
2021-11-13 23:27:34,199 [Worker-12: Building] INFO  o.e.m.c.i.embedder.EclipseLogger - skip non existing resourceDirectory D:\work space\NTSPBMS615-BOOT\IOCProj2-100pcode-StrategyDP\src\test\resources
2021-11-13 23:37:49,260 [Worker-17: Building] INFO  o.e.m.c.i.embedder.EclipseLogger - Using 'UTF-8' encoding to copy filtered resources.
2021-11-13 23:37:49,260 [Worker-17: Building] INFO  o.e.m.c.i.embedder.EclipseLogger - skip non existing resourceDirectory D:\work space\NTSPBMS615-BOOT\IOCProj2-100pcode-StrategyDP\src\main\resources
2021-11-13 23:37:49,263 [Worker-17: Building] INFO  o.e.m.c.i.embedder.EclipseLogger - Using 'UTF-8' encoding to copy filtered resources.
2021-11-13 23:37:49,263 [Worker-17: Building] INFO  o.e.m.c.i.embedder.EclipseLogger - skip non existing resourceDirectory D:\work space\NTSPBMS615-BOOT\IOCProj2-100pcode-StrategyDP\src\test\resources
2021-11-13 23:38:05,021 [Worker-12: Building] INFO  o.e.m.c.i.embedder.EclipseLogger - Using 'UTF-8' encoding to copy filtered resources.
2021-11-13 23:38:05,022 [Worker-12: Building] INFO  o.e.m.c.i.embedder.EclipseLogger - skip non existing resourceDirectory D:\work space\NTSPBMS615-BOOT\IOCProj2-100pcode-StrategyDP\src\main\resources
2021-11-13 23:38:05,024 [Worker-12: Building] INFO  o.e.m.c.i.embedder.EclipseLogger - Using 'UTF-8' encoding to copy filtered resources.
2021-11-13 23:38:05,025 [Worker-12: Building] INFO  o.e.m.c.i.embedder.EclipseLogger - skip non existing resourceDirectory D:\work space\NTSPBMS615-BOOT\IOCProj2-100pcode-StrategyDP\src\test\resources
2021-11-13 23:38:46,782 [Worker-17: Building] INFO  o.e.m.c.i.embedder.EclipseLogger - Using 'UTF-8' encoding to copy filtered resources.
2021-11-13 23:38:46,782 [Worker-17: Building] INFO  o.e.m.c.i.embedder.EclipseLogger - skip non existing resourceDirectory D:\work space\NTSPBMS615-BOOT\IOCProj2-100pcode-StrategyDP\src\main\resources
2021-11-13 23:38:46,786 [Worker-17: Building] INFO  o.e.m.c.i.embedder.EclipseLogger - Using 'UTF-8' encoding to copy filtered resources.
2021-11-13 23:38:46,787 [Worker-17: Building] INFO  o.e.m.c.i.embedder.EclipseLogger - skip non existing resourceDirectory D:\work space\NTSPBMS615-BOOT\IOCProj2-100pcode-StrategyDP\src\test\resources
2021-11-13 23:39:49,780 [Worker-6: Building] INFO  o.e.m.c.i.embedder.EclipseLogger - Using 'UTF-8' encoding to copy filtered resources.
2021-11-13 23:39:49,780 [Worker-6: Building] INFO  o.e.m.c.i.embedder.EclipseLogger - skip non existing resourceDirectory D:\work space\NTSPBMS615-BOOT\IOCProj2-100pcode-StrategyDP\src\main\resources
2021-11-13 23:39:49,783 [Worker-6: Building] INFO  o.e.m.c.i.embedder.EclipseLogger - Using 'UTF-8' encoding to copy filtered resources.
2021-11-13 23:39:49,784 [Worker-6: Building] INFO  o.e.m.c.i.embedder.EclipseLogger - skip non existing resourceDirectory D:\work space\NTSPBMS615-BOOT\IOCProj2-100pcode-StrategyDP\src\test\resources
2021-11-13 23:40:25,768 [Worker-7: Building] INFO  o.e.m.c.i.embedder.EclipseLogger - Using 'UTF-8' encoding to copy filtered resources.
2021-11-13 23:40:25,769 [Worker-7: Building] INFO  o.e.m.c.i.embedder.EclipseLogger - skip non existing resourceDirectory D:\work space\NTSPBMS615-BOOT\IOCProj2-100pcode-StrategyDP\src\main\resources
2021-11-13 23:40:25,773 [Worker-7: Building] INFO  o.e.m.c.i.embedder.EclipseLogger - Using 'UTF-8' encoding to copy filtered resources.
2021-11-13 23:40:25,774 [Worker-7: Building] INFO  o.e.m.c.i.embedder.EclipseLogger - skip non existing resourceDirectory D:\work space\NTSPBMS615-BOOT\IOCProj2-100pcode-StrategyDP\src\test\resources
2021-11-13 23:41:50,793 [Worker-12: Building] INFO  o.e.m.c.i.embedder.EclipseLogger - Using 'UTF-8' encoding to copy filtered resources.
2021-11-13 23:41:50,793 [Worker-12: Building] INFO  o.e.m.c.i.embedder.EclipseLogger - skip non existing resourceDirectory D:\work space\NTSPBMS615-BOOT\IOCProj2-100pcode-StrategyDP\src\main\resources
2021-11-13 23:41:50,796 [Worker-12: Building] INFO  o.e.m.c.i.embedder.EclipseLogger - Using 'UTF-8' encoding to copy filtered resources.
2021-11-13 23:41:50,796 [Worker-12: Building] INFO  o.e.m.c.i.embedder.EclipseLogger - skip non existing resourceDirectory D:\work space\NTSPBMS615-BOOT\IOCProj2-100pcode-StrategyDP\src\test\resources
2021-11-13 23:43:42,880 [Worker-16: Building] INFO  o.e.m.c.i.embedder.EclipseLogger - Using 'UTF-8' encoding to copy filtered resources.
2021-11-13 23:43:42,881 [Worker-16: Building] INFO  o.e.m.c.i.embedder.EclipseLogger - skip non existing resourceDirectory D:\work space\NTSPBMS615-BOOT\IOCProj2-100pcode-StrategyDP\src\main\resources
2021-11-13 23:43:42,886 [Worker-16: Building] INFO  o.e.m.c.i.embedder.EclipseLogger - Using 'UTF-8' encoding to copy filtered resources.
2021-11-13 23:43:42,887 [Worker-16: Building] INFO  o.e.m.c.i.embedder.EclipseLogger - skip non existing resourceDirectory D:\work space\NTSPBMS615-BOOT\IOCProj2-100pcode-StrategyDP\src\test\resources
2021-11-13 23:44:50,724 [Worker-10: Building] INFO  o.e.m.c.i.embedder.EclipseLogger - Using 'UTF-8' encoding to copy filtered resources.
2021-11-13 23:44:50,724 [Worker-10: Building] INFO  o.e.m.c.i.embedder.EclipseLogger - skip non existing resourceDirectory D:\work space\NTSPBMS615-BOOT\IOCProj2-100pcode-StrategyDP\src\main\resources
2021-11-13 23:44:50,727 [Worker-10: Building] INFO  o.e.m.c.i.embedder.EclipseLogger - Using 'UTF-8' encoding to copy filtered resources.
2021-11-13 23:44:50,728 [Worker-10: Building] INFO  o.e.m.c.i.embedder.EclipseLogger - skip non existing resourceDirectory D:\work space\NTSPBMS615-BOOT\IOCProj2-100pcode-StrategyDP\src\test\resources
2021-11-13 23:53:55,047 [Worker-12: Building] INFO  o.e.m.c.i.embedder.EclipseLogger - Using 'UTF-8' encoding to copy filtered resources.
2021-11-13 23:53:55,047 [Worker-12: Building] INFO  o.e.m.c.i.embedder.EclipseLogger - skip non existing resourceDirectory D:\work space\NTSPBMS615-BOOT\IOCProj2-100pcode-StrategyDP\src\main\resources
2021-11-13 23:53:55,050 [Worker-12: Building] INFO  o.e.m.c.i.embedder.EclipseLogger - Using 'UTF-8' encoding to copy filtered resources.
2021-11-13 23:53:55,050 [Worker-12: Building] INFO  o.e.m.c.i.embedder.EclipseLogger - skip non existing resourceDirectory D:\work space\NTSPBMS615-BOOT\IOCProj2-100pcode-StrategyDP\src\test\resources
2021-11-13 23:54:14,581 [Worker-12: Building] INFO  o.e.m.c.i.embedder.EclipseLogger - Using 'UTF-8' encoding to copy filtered resources.
2021-11-13 23:54:14,581 [Worker-12: Building] INFO  o.e.m.c.i.embedder.EclipseLogger - skip non existing resourceDirectory D:\work space\NTSPBMS615-BOOT\IOCProj2-100pcode-StrategyDP\src\main\resources
2021-11-13 23:54:14,584 [Worker-12: Building] INFO  o.e.m.c.i.embedder.EclipseLogger - Using 'UTF-8' encoding to copy filtered resources.
2021-11-13 23:54:14,584 [Worker-12: Building] INFO  o.e.m.c.i.embedder.EclipseLogger - skip non existing resourceDirectory D:\work space\NTSPBMS615-BOOT\IOCProj2-100pcode-StrategyDP\src\test\resources
2021-11-13 23:54:30,379 [Worker-6: Building] INFO  o.e.m.c.i.embedder.EclipseLogger - Using 'UTF-8' encoding to copy filtered resources.
2021-11-13 23:54:30,380 [Worker-6: Building] INFO  o.e.m.c.i.embedder.EclipseLogger - skip non existing resourceDirectory D:\work space\NTSPBMS615-BOOT\IOCProj2-100pcode-StrategyDP\src\main\resources
2021-11-13 23:54:30,384 [Worker-6: Building] INFO  o.e.m.c.i.embedder.EclipseLogger - Using 'UTF-8' encoding to copy filtered resources.
2021-11-13 23:54:30,385 [Worker-6: Building] INFO  o.e.m.c.i.embedder.EclipseLogger - skip non existing resourceDirectory D:\work space\NTSPBMS615-BOOT\IOCProj2-100pcode-StrategyDP\src\test\resources
2021-11-13 23:55:03,325 [Worker-17: Building] INFO  o.e.m.c.i.embedder.EclipseLogger - Using 'UTF-8' encoding to copy filtered resources.
2021-11-13 23:55:03,326 [Worker-17: Building] INFO  o.e.m.c.i.embedder.EclipseLogger - skip non existing resourceDirectory D:\work space\NTSPBMS615-BOOT\IOCProj2-100pcode-StrategyDP\src\main\resources
2021-11-13 23:55:03,328 [Worker-17: Building] INFO  o.e.m.c.i.embedder.EclipseLogger - Using 'UTF-8' encoding to copy filtered resources.
2021-11-13 23:55:03,328 [Worker-17: Building] INFO  o.e.m.c.i.embedder.EclipseLogger - skip non existing resourceDirectory D:\work space\NTSPBMS615-BOOT\IOCProj2-100pcode-StrategyDP\src\test\resources
2021-11-13 23:55:46,466 [Worker-17: Building] INFO  o.e.m.c.i.embedder.EclipseLogger - Using 'UTF-8' encoding to copy filtered resources.
2021-11-13 23:55:46,467 [Worker-17: Building] INFO  o.e.m.c.i.embedder.EclipseLogger - skip non existing resourceDirectory D:\work space\NTSPBMS615-BOOT\IOCProj2-100pcode-StrategyDP\src\main\resources
2021-11-13 23:55:46,475 [Worker-17: Building] INFO  o.e.m.c.i.embedder.EclipseLogger - Using 'UTF-8' encoding to copy filtered resources.
2021-11-13 23:55:46,476 [Worker-17: Building] INFO  o.e.m.c.i.embedder.EclipseLogger - skip non existing resourceDirectory D:\work space\NTSPBMS615-BOOT\IOCProj2-100pcode-StrategyDP\src\test\resources
2021-11-13 23:59:32,808 [Worker-10: Building] INFO  o.e.m.c.i.embedder.EclipseLogger - Using 'UTF-8' encoding to copy filtered resources.
2021-11-13 23:59:32,809 [Worker-10: Building] INFO  o.e.m.c.i.embedder.EclipseLogger - skip non existing resourceDirectory D:\work space\NTSPBMS615-BOOT\IOCProj2-100pcode-StrategyDP\src\main\resources
2021-11-13 23:59:32,811 [Worker-10: Building] INFO  o.e.m.c.i.embedder.EclipseLogger - Using 'UTF-8' encoding to copy filtered resources.
2021-11-13 23:59:32,811 [Worker-10: Building] INFO  o.e.m.c.i.embedder.EclipseLogger - skip non existing resourceDirectory D:\work space\NTSPBMS615-BOOT\IOCProj2-100pcode-StrategyDP\src\test\resources
2021-11-14 00:01:44,702 [Worker-10: Building] INFO  o.e.m.c.i.embedder.EclipseLogger - Using 'UTF-8' encoding to copy filtered resources.
2021-11-14 00:01:44,702 [Worker-10: Building] INFO  o.e.m.c.i.embedder.EclipseLogger - skip non existing resourceDirectory D:\work space\NTSPBMS615-BOOT\IOCProj2-100pcode-StrategyDP\src\main\resources
2021-11-14 00:01:44,704 [Worker-10: Building] INFO  o.e.m.c.i.embedder.EclipseLogger - Using 'UTF-8' encoding to copy filtered resources.
2021-11-14 00:01:44,704 [Worker-10: Building] INFO  o.e.m.c.i.embedder.EclipseLogger - skip non existing resourceDirectory D:\work space\NTSPBMS615-BOOT\IOCProj2-100pcode-StrategyDP\src\test\resources
2021-11-14 00:02:01,970 [Worker-18: Building] INFO  o.e.m.c.i.embedder.EclipseLogger - Using 'UTF-8' encoding to copy filtered resources.
2021-11-14 00:02:01,971 [Worker-18: Building] INFO  o.e.m.c.i.embedder.EclipseLogger - skip non existing resourceDirectory D:\work space\NTSPBMS615-BOOT\IOCProj2-100pcode-StrategyDP\src\main\resources
2021-11-14 00:02:01,973 [Worker-18: Building] INFO  o.e.m.c.i.embedder.EclipseLogger - Using 'UTF-8' encoding to copy filtered resources.
2021-11-14 00:02:01,974 [Worker-18: Building] INFO  o.e.m.c.i.embedder.EclipseLogger - skip non existing resourceDirectory D:\work space\NTSPBMS615-BOOT\IOCProj2-100pcode-StrategyDP\src\test\resources
2021-11-14 00:02:14,714 [Worker-6: Building] INFO  o.e.m.c.i.embedder.EclipseLogger - Using 'UTF-8' encoding to copy filtered resources.
2021-11-14 00:02:14,714 [Worker-6: Building] INFO  o.e.m.c.i.embedder.EclipseLogger - skip non existing resourceDirectory D:\work space\NTSPBMS615-BOOT\IOCProj2-100pcode-StrategyDP\src\main\resources
2021-11-14 00:02:14,716 [Worker-6: Building] INFO  o.e.m.c.i.embedder.EclipseLogger - Using 'UTF-8' encoding to copy filtered resources.
2021-11-14 00:02:14,717 [Worker-6: Building] INFO  o.e.m.c.i.embedder.EclipseLogger - skip non existing resourceDirectory D:\work space\NTSPBMS615-BOOT\IOCProj2-100pcode-StrategyDP\src\test\resources
2021-11-14 00:02:41,153 [Worker-17: Building] INFO  o.e.m.c.i.embedder.EclipseLogger - Using 'UTF-8' encoding to copy filtered resources.
2021-11-14 00:02:41,154 [Worker-17: Building] INFO  o.e.m.c.i.embedder.EclipseLogger - skip non existing resourceDirectory D:\work space\NTSPBMS615-BOOT\IOCProj2-100pcode-StrategyDP\src\main\resources
2021-11-14 00:02:41,156 [Worker-17: Building] INFO  o.e.m.c.i.embedder.EclipseLogger - Using 'UTF-8' encoding to copy filtered resources.
2021-11-14 00:02:41,156 [Worker-17: Building] INFO  o.e.m.c.i.embedder.EclipseLogger - skip non existing resourceDirectory D:\work space\NTSPBMS615-BOOT\IOCProj2-100pcode-StrategyDP\src\test\resources
2021-11-14 00:06:22,118 [Worker-6: Building] INFO  o.e.m.c.i.embedder.EclipseLogger - Using 'UTF-8' encoding to copy filtered resources.
2021-11-14 00:06:22,119 [Worker-6: Building] INFO  o.e.m.c.i.embedder.EclipseLogger - skip non existing resourceDirectory D:\work space\NTSPBMS615-BOOT\IOCProj2-100pcode-StrategyDP\src\main\resources
2021-11-14 00:06:22,123 [Worker-6: Building] INFO  o.e.m.c.i.embedder.EclipseLogger - Using 'UTF-8' encoding to copy filtered resources.
2021-11-14 00:06:22,124 [Worker-6: Building] INFO  o.e.m.c.i.embedder.EclipseLogger - skip non existing resourceDirectory D:\work space\NTSPBMS615-BOOT\IOCProj2-100pcode-StrategyDP\src\test\resources
2021-11-14 00:07:22,316 [Worker-6: Building] INFO  o.e.m.c.i.embedder.EclipseLogger - Using 'UTF-8' encoding to copy filtered resources.
2021-11-14 00:07:22,317 [Worker-6: Building] INFO  o.e.m.c.i.embedder.EclipseLogger - skip non existing resourceDirectory D:\work space\NTSPBMS615-BOOT\IOCProj2-100pcode-StrategyDP\src\main\resources
2021-11-14 00:07:22,321 [Worker-6: Building] INFO  o.e.m.c.i.embedder.EclipseLogger - Using 'UTF-8' encoding to copy filtered resources.
2021-11-14 00:07:22,321 [Worker-6: Building] INFO  o.e.m.c.i.embedder.EclipseLogger - skip non existing resourceDirectory D:\work space\NTSPBMS615-BOOT\IOCProj2-100pcode-StrategyDP\src\test\resources
2021-11-14 00:07:27,917 [Worker-6: Building] INFO  o.e.m.c.i.embedder.EclipseLogger - Using 'UTF-8' encoding to copy filtered resources.
2021-11-14 00:07:27,917 [Worker-6: Building] INFO  o.e.m.c.i.embedder.EclipseLogger - skip non existing resourceDirectory D:\work space\NTSPBMS615-BOOT\IOCProj2-100pcode-StrategyDP\src\main\resources
2021-11-14 00:07:27,921 [Worker-6: Building] INFO  o.e.m.c.i.embedder.EclipseLogger - Using 'UTF-8' encoding to copy filtered resources.
2021-11-14 00:07:27,922 [Worker-6: Building] INFO  o.e.m.c.i.embedder.EclipseLogger - skip non existing resourceDirectory D:\work space\NTSPBMS615-BOOT\IOCProj2-100pcode-StrategyDP\src\test\resources
2021-11-14 00:08:04,288 [Worker-10: Building] INFO  o.e.m.c.i.embedder.EclipseLogger - Using 'UTF-8' encoding to copy filtered resources.
2021-11-14 00:08:04,289 [Worker-10: Building] INFO  o.e.m.c.i.embedder.EclipseLogger - skip non existing resourceDirectory D:\work space\NTSPBMS615-BOOT\IOCProj2-100pcode-StrategyDP\src\main\resources
2021-11-14 00:08:04,290 [Worker-10: Building] INFO  o.e.m.c.i.embedder.EclipseLogger - Using 'UTF-8' encoding to copy filtered resources.
2021-11-14 00:08:04,292 [Worker-10: Building] INFO  o.e.m.c.i.embedder.EclipseLogger - skip non existing resourceDirectory D:\work space\NTSPBMS615-BOOT\IOCProj2-100pcode-StrategyDP\src\test\resources
2021-11-14 00:10:15,329 [Worker-22: Building] INFO  o.e.m.c.i.embedder.EclipseLogger - Using 'UTF-8' encoding to copy filtered resources.
2021-11-14 00:10:15,329 [Worker-22: Building] INFO  o.e.m.c.i.embedder.EclipseLogger - skip non existing resourceDirectory D:\work space\NTSPBMS615-BOOT\IOCProj2-100pcode-StrategyDP\src\main\resources
2021-11-14 00:10:15,331 [Worker-22: Building] INFO  o.e.m.c.i.embedder.EclipseLogger - Using 'UTF-8' encoding to copy filtered resources.
2021-11-14 00:10:15,332 [Worker-22: Building] INFO  o.e.m.c.i.embedder.EclipseLogger - skip non existing resourceDirectory D:\work space\NTSPBMS615-BOOT\IOCProj2-100pcode-StrategyDP\src\test\resources
2021-11-14 00:10:55,032 [Worker-22: Building] INFO  o.e.m.c.i.embedder.EclipseLogger - Using 'UTF-8' encoding to copy filtered resources.
2021-11-14 00:10:55,032 [Worker-22: Building] INFO  o.e.m.c.i.embedder.EclipseLogger - skip non existing resourceDirectory D:\work space\NTSPBMS615-BOOT\IOCProj2-100pcode-StrategyDP\src\main\resources
2021-11-14 00:10:55,035 [Worker-22: Building] INFO  o.e.m.c.i.embedder.EclipseLogger - Using 'UTF-8' encoding to copy filtered resources.
2021-11-14 00:10:55,036 [Worker-22: Building] INFO  o.e.m.c.i.embedder.EclipseLogger - skip non existing resourceDirectory D:\work space\NTSPBMS615-BOOT\IOCProj2-100pcode-StrategyDP\src\test\resources
2021-11-14 00:14:49,951 [Worker-27: Building] INFO  o.e.m.c.i.embedder.EclipseLogger - Using 'UTF-8' encoding to copy filtered resources.
2021-11-14 00:14:49,951 [Worker-27: Building] INFO  o.e.m.c.i.embedder.EclipseLogger - skip non existing resourceDirectory D:\work space\NTSPBMS615-BOOT\IOCProj2-100pcode-StrategyDP\src\main\resources
2021-11-14 00:14:49,956 [Worker-27: Building] INFO  o.e.m.c.i.embedder.EclipseLogger - Using 'UTF-8' encoding to copy filtered resources.
2021-11-14 00:14:49,956 [Worker-27: Building] INFO  o.e.m.c.i.embedder.EclipseLogger - skip non existing resourceDirectory D:\work space\NTSPBMS615-BOOT\IOCProj2-100pcode-StrategyDP\src\test\resources
2021-11-14 00:14:57,271 [Worker-27: Building] INFO  o.e.m.c.i.embedder.EclipseLogger - Using 'UTF-8' encoding to copy filtered resources.
2021-11-14 00:14:57,272 [Worker-27: Building] INFO  o.e.m.c.i.embedder.EclipseLogger - skip non existing resourceDirectory D:\work space\NTSPBMS615-BOOT\IOCProj2-100pcode-StrategyDP\src\main\resources
2021-11-14 00:14:57,274 [Worker-27: Building] INFO  o.e.m.c.i.embedder.EclipseLogger - Using 'UTF-8' encoding to copy filtered resources.
2021-11-14 00:14:57,274 [Worker-27: Building] INFO  o.e.m.c.i.embedder.EclipseLogger - skip non existing resourceDirectory D:\work space\NTSPBMS615-BOOT\IOCProj2-100pcode-StrategyDP\src\test\resources
2021-11-14 00:15:20,137 [Worker-29: Building] INFO  o.e.m.c.i.embedder.EclipseLogger - Using 'UTF-8' encoding to copy filtered resources.
2021-11-14 00:15:20,137 [Worker-29: Building] INFO  o.e.m.c.i.embedder.EclipseLogger - skip non existing resourceDirectory D:\work space\NTSPBMS615-BOOT\IOCProj2-100pcode-StrategyDP\src\main\resources
2021-11-14 00:15:20,139 [Worker-29: Building] INFO  o.e.m.c.i.embedder.EclipseLogger - Using 'UTF-8' encoding to copy filtered resources.
2021-11-14 00:15:20,139 [Worker-29: Building] INFO  o.e.m.c.i.embedder.EclipseLogger - skip non existing resourceDirectory D:\work space\NTSPBMS615-BOOT\IOCProj2-100pcode-StrategyDP\src\test\resources
2021-11-14 00:18:02,455 [Worker-30: Building] INFO  o.e.m.c.i.embedder.EclipseLogger - Using 'UTF-8' encoding to copy filtered resources.
2021-11-14 00:18:02,456 [Worker-30: Building] INFO  o.e.m.c.i.embedder.EclipseLogger - skip non existing resourceDirectory D:\work space\NTSPBMS615-BOOT\IOCProj2-100pcode-StrategyDP\src\main\resources
2021-11-14 00:18:02,458 [Worker-30: Building] INFO  o.e.m.c.i.embedder.EclipseLogger - Using 'UTF-8' encoding to copy filtered resources.
2021-11-14 00:18:02,458 [Worker-30: Building] INFO  o.e.m.c.i.embedder.EclipseLogger - skip non existing resourceDirectory D:\work space\NTSPBMS615-BOOT\IOCProj2-100pcode-StrategyDP\src\test\resources
2021-11-14 00:19:18,145 [Worker-26: Building] INFO  o.e.m.c.i.embedder.EclipseLogger - Using 'UTF-8' encoding to copy filtered resources.
2021-11-14 00:19:18,145 [Worker-26: Building] INFO  o.e.m.c.i.embedder.EclipseLogger - skip non existing resourceDirectory D:\work space\NTSPBMS615-BOOT\IOCProj2-100pcode-StrategyDP\src\main\resources
2021-11-14 00:19:18,147 [Worker-26: Building] INFO  o.e.m.c.i.embedder.EclipseLogger - Using 'UTF-8' encoding to copy filtered resources.
2021-11-14 00:19:18,147 [Worker-26: Building] INFO  o.e.m.c.i.embedder.EclipseLogger - skip non existing resourceDirectory D:\work space\NTSPBMS615-BOOT\IOCProj2-100pcode-StrategyDP\src\test\resources
2021-11-14 00:19:21,702 [Worker-27: Building] INFO  o.e.m.c.i.embedder.EclipseLogger - Using 'UTF-8' encoding to copy filtered resources.
2021-11-14 00:19:21,702 [Worker-27: Building] INFO  o.e.m.c.i.embedder.EclipseLogger - skip non existing resourceDirectory D:\work space\NTSPBMS615-BOOT\IOCProj2-100pcode-StrategyDP\src\main\resources
2021-11-14 00:19:21,705 [Worker-27: Building] INFO  o.e.m.c.i.embedder.EclipseLogger - Using 'UTF-8' encoding to copy filtered resources.
2021-11-14 00:19:21,705 [Worker-27: Building] INFO  o.e.m.c.i.embedder.EclipseLogger - skip non existing resourceDirectory D:\work space\NTSPBMS615-BOOT\IOCProj2-100pcode-StrategyDP\src\test\resources
2021-11-14 00:27:25,188 [Worker-27: Building] INFO  o.e.m.c.i.embedder.EclipseLogger - Using 'UTF-8' encoding to copy filtered resources.
2021-11-14 00:27:25,189 [Worker-27: Building] INFO  o.e.m.c.i.embedder.EclipseLogger - skip non existing resourceDirectory D:\work space\NTSPBMS615-BOOT\IOCProj2-100pcode-StrategyDP\src\main\resources
2021-11-14 00:27:25,193 [Worker-27: Building] INFO  o.e.m.c.i.embedder.EclipseLogger - Using 'UTF-8' encoding to copy filtered resources.
2021-11-14 00:27:25,194 [Worker-27: Building] INFO  o.e.m.c.i.embedder.EclipseLogger - skip non existing resourceDirectory D:\work space\NTSPBMS615-BOOT\IOCProj2-100pcode-StrategyDP\src\test\resources
2021-11-14 00:27:37,586 [Worker-33: Building] INFO  o.e.m.c.i.embedder.EclipseLogger - Using 'UTF-8' encoding to copy filtered resources.
2021-11-14 00:27:37,587 [Worker-33: Building] INFO  o.e.m.c.i.embedder.EclipseLogger - skip non existing resourceDirectory D:\work space\NTSPBMS615-BOOT\IOCProj2-100pcode-StrategyDP\src\main\resources
2021-11-14 00:27:37,588 [Worker-33: Building] INFO  o.e.m.c.i.embedder.EclipseLogger - Using 'UTF-8' encoding to copy filtered resources.
2021-11-14 00:27:37,588 [Worker-33: Building] INFO  o.e.m.c.i.embedder.EclipseLogger - skip non existing resourceDirectory D:\work space\NTSPBMS615-BOOT\IOCProj2-100pcode-StrategyDP\src\test\resources
2021-11-14 00:30:31,597 [Worker-32: Building] INFO  o.e.m.c.i.embedder.EclipseLogger - Using 'UTF-8' encoding to copy filtered resources.
2021-11-14 00:30:31,597 [Worker-32: Building] INFO  o.e.m.c.i.embedder.EclipseLogger - skip non existing resourceDirectory D:\work space\NTSPBMS615-BOOT\IOCProj2-100pcode-StrategyDP\src\main\resources
2021-11-14 00:30:31,599 [Worker-32: Building] INFO  o.e.m.c.i.embedder.EclipseLogger - Using 'UTF-8' encoding to copy filtered resources.
2021-11-14 00:30:31,599 [Worker-32: Building] INFO  o.e.m.c.i.embedder.EclipseLogger - skip non existing resourceDirectory D:\work space\NTSPBMS615-BOOT\IOCProj2-100pcode-StrategyDP\src\test\resources
2021-11-17 09:25:57,507 [Worker-12: Loading available Gradle versions] INFO  o.e.b.c.i.u.g.PublishedGradleVersions - Gradle version information cache is out-of-date. Trying to update.
2021-11-17 09:30:05,214 [Worker-16: Building] INFO  o.e.m.c.i.embedder.EclipseLogger - Using 'UTF-8' encoding to copy filtered resources.
2021-11-17 09:30:05,215 [Worker-16: Building] INFO  o.e.m.c.i.embedder.EclipseLogger - skip non existing resourceDirectory C:\Users\Ritesh pradhan\git\repository\IOCProj2-100pcode-StrategyDP\src\main\resources
2021-11-17 09:30:05,218 [Worker-16: Building] INFO  o.e.m.c.i.embedder.EclipseLogger - Using 'UTF-8' encoding to copy filtered resources.
2021-11-17 09:30:05,219 [Worker-16: Building] INFO  o.e.m.c.i.embedder.EclipseLogger - skip non existing resourceDirectory C:\Users\Ritesh pradhan\git\repository\IOCProj2-100pcode-StrategyDP\src\test\resources
